{"C:\\Users\\dinya\\OneDrive\\Рабочий стол\\Netology\\Ajs-homeworks\\Regexp\\telephon\\src\\js\\app.js": {"path":"C:\\Users\\dinya\\OneDrive\\Рабочий стол\\Netology\\Ajs-homeworks\\Regexp\\telephon\\src\\js\\app.js","statementMap":{"0":{"start":{"line":2,"column":15},"end":{"line":2,"column":36}},"1":{"start":{"line":3,"column":2},"end":{"line":6,"column":3}},"2":{"start":{"line":4,"column":4},"end":{"line":4,"column":19}},"3":{"start":{"line":5,"column":4},"end":{"line":5,"column":25}},"4":{"start":{"line":7,"column":2},"end":{"line":7,"column":27}},"5":{"start":{"line":9,"column":2},"end":{"line":9,"column":16}}},"fnMap":{"0":{"name":"telephon","decl":{"start":{"line":1,"column":24},"end":{"line":1,"column":32}},"loc":{"start":{"line":1,"column":38},"end":{"line":10,"column":1}},"line":1}},"branchMap":{"0":{"loc":{"start":{"line":3,"column":2},"end":{"line":6,"column":3}},"type":"if","locations":[{"start":{"line":3,"column":2},"end":{"line":6,"column":3}},{"start":{"line":3,"column":2},"end":{"line":6,"column":3}}],"line":3}},"s":{"0":2,"1":2,"2":1,"3":1,"4":2,"5":2},"f":{"0":2},"b":{"0":[1,1]},"_coverageSchema":"1a1c01bbd47fc00a2c39e90264f33305004495a9","hash":"b98092e6273ce95c5ce3634061955b188331c3c5"}
}
